- Device platform: arm64-v8a
- Installing: 30.7 (30700)
- Copying image to cache
- Unpacking boot image
Parsing boot image: [/data/user_de/0/com.topjohnwu.magisk/install/boot.img]
HEADER_VER      [2]
KERNEL_SZ       [35457036]
RAMDISK_SZ      [970537]
SECOND_SZ       [0]
RECOV_DTBO_SZ   [0]
DTB_SZ          [842866]
OS_VERSION      [10.0.0]
OS_PATCH_LEVEL  [2023-02]
PAGESIZE        [4096]
NAME            []
CMDLINE         [androidboot.hardware=qcom androidboot.console=ttyMSM0 androidboot.memcg=1 lpm_levels.sleep_disabled=1 video=vfb:640x400,bpp=32,memsize=3072000 msm_rtb.filter=0x237 service_locator.enable=1 androidboot.usbcontroller=a600000.dwc3 swiotlb=2048 cgroup.memory=nokmem,nosocket loop.max_part=7 buildvariant=user]
CHECKSUM        [HASH_REDACTED]
KERNEL_FMT      [raw]
RAMDISK_FMT     [gzip]
VBMETA
- Checking ramdisk status
Loading cpio: [ramdisk.cpio]
- Stock boot image detected
- Patching ramdisk
- Pre-init storage partition: metadata
Loading cpio: [ramdisk.cpio]
Add file [init] (100750)
Create directory [overlay.d] (0750)
Create directory [overlay.d/sbin] (0750)
Add file [overlay.d/sbin/magisk.xz] (100644)
Add file [overlay.d/sbin/stub.xz] (100644)
Add file [overlay.d/sbin/init-ld.xz] (100644)
Patch with flag KEEPVERITY=[true] KEEPFORCEENCRYPT=[true]
Loading cpio: [ramdisk.cpio.orig]
Backup [init] -> [.backup/init.xz]
Record new entry: [overlay.d] -> [.backup/.rmlist]
Record new entry: [overlay.d/sbin] -> [.backup/.rmlist]
Record new entry: [overlay.d/sbin/init-ld.xz] -> [.backup/.rmlist]
Record new entry: [overlay.d/sbin/magisk.xz] -> [.backup/.rmlist]
Record new entry: [overlay.d/sbin/stub.xz] -> [.backup/.rmlist]
Create directory [.backup] (0000)
Add file [.backup/.magisk] (100000)
Dumping cpio: [ramdisk.cpio]
Loading dtbs from [dtb]
- Repacking boot image
Parsing boot image: [/data/user_de/0/com.topjohnwu.magisk/install/boot.img]
HEADER_VER      [2]
KERNEL_SZ       [35457036]
RAMDISK_SZ      [970537]
SECOND_SZ       [0]
RECOV_DTBO_SZ   [0]
DTB_SZ          [842866]
OS_VERSION      [10.0.0]
OS_PATCH_LEVEL  [2023-02]
PAGESIZE        [4096]
NAME            []
CMDLINE         [androidboot.hardware=qcom androidboot.console=ttyMSM0 androidboot.memcg=1 lpm_levels.sleep_disabled=1 video=vfb:640x400,bpp=32,memsize=3072000 msm_rtb.filter=0x237 service_locator.enable=1 androidboot.usbcontroller=a600000.dwc3 swiotlb=2048 cgroup.memory=nokmem,nosocket loop.max_part=7 buildvariant=user]
CHECKSUM        [HASH_REDACTED]
KERNEL_FMT      [raw]
RAMDISK_FMT     [gzip]
VBMETA
Repack to boot image: [new-boot.img]
HEADER_VER      [2]
KERNEL_SZ       [35457036]
RAMDISK_SZ      [1102651]
SECOND_SZ       [0]
RECOV_DTBO_SZ   [0]
DTB_SZ          [842866]
OS_VERSION      [10.0.0]
OS_PATCH_LEVEL  [2023-02]
PAGESIZE        [4096]
NAME            []
CMDLINE         [androidboot.hardware=qcom androidboot.console=ttyMSM0 androidboot.memcg=1 lpm_levels.sleep_disabled=1 video=vfb:640x400,bpp=32,memsize=3072000 msm_rtb.filter=0x237 service_locator.enable=1 androidboot.usbcontroller=a600000.dwc3 swiotlb=2048 cgroup.memory=nokmem,nosocket loop.max_part=7 buildvariant=user]
CHECKSUM        [HASH_REDACTED]

*******************************************
 Output file written to:
 /sdcard/Download/magisk_patched_billie.img 
*******************************************
- All done!